The system is: Darwin - 12.5.0 - i386
Compiling the C compiler identification source file "CMakeCCompilerId.c" succeeded.
Compiler: /usr/bin/cc 
Build flags: 
Id flags: 

The output was:
0


Compilation of the C compiler identification source "CMakeCCompilerId.c" produced "a.out"

The C compiler identification is Clang, found in "/Users/andreabortolossi/Desktop/CODICI/TUTORIAL_CODE/Quadrature1D/CMakeFiles/2.8.12.2/CompilerIdC/a.out"

Compiling the CXX compiler identification source file "CMakeCXXCompilerId.cpp" succeeded.
Compiler: /usr/bin/c++ 
Build flags: 
Id flags: 

The output was:
0


Compilation of the CXX compiler identification source "CMakeCXXCompilerId.cpp" produced "a.out"

The CXX compiler identification is Clang, found in "/Users/andreabortolossi/Desktop/CODICI/TUTORIAL_CODE/Quadrature1D/CMakeFiles/2.8.12.2/CompilerIdCXX/a.out"

Determining if the C compiler works passed with the following output:
Change Dir: /Users/andreabortolossi/Desktop/CODICI/TUTORIAL_CODE/Quadrature1D/CMakeFiles/CMakeTmp

Run Build Command:/opt/local/bin/gmake "cmTryCompileExec853106466/fast"
/opt/local/bin/gmake -f CMakeFiles/cmTryCompileExec853106466.dir/build.make CMakeFiles/cmTryCompileExec853106466.dir/build
gmake[1]: Entering directory `/Users/andreabortolossi/Desktop/CODICI/TUTORIAL_CODE/Quadrature1D/CMakeFiles/CMakeTmp'
/opt/local/bin/cmake -E cmake_progress_report /Users/andreabortolossi/Desktop/CODICI/TUTORIAL_CODE/Quadrature1D/CMakeFiles/CMakeTmp/CMakeFiles 1
Building C object CMakeFiles/cmTryCompileExec853106466.dir/testCCompiler.c.o
/usr/bin/cc    -o CMakeFiles/cmTryCompileExec853106466.dir/testCCompiler.c.o   -c /Users/andreabortolossi/Desktop/CODICI/TUTORIAL_CODE/Quadrature1D/CMakeFiles/CMakeTmp/testCCompiler.c
Linking C executable cmTryCompileExec853106466
/opt/local/bin/cmake -E cmake_link_script CMakeFiles/cmTryCompileExec853106466.dir/link.txt --verbose=1
/usr/bin/cc    -Wl,-search_paths_first -Wl,-headerpad_max_install_names   CMakeFiles/cmTryCompileExec853106466.dir/testCCompiler.c.o  -o cmTryCompileExec853106466  
gmake[1]: Leaving directory `/Users/andreabortolossi/Desktop/CODICI/TUTORIAL_CODE/Quadrature1D/CMakeFiles/CMakeTmp'


Detecting C compiler ABI info compiled with the following output:
Change Dir: /Users/andreabortolossi/Desktop/CODICI/TUTORIAL_CODE/Quadrature1D/CMakeFiles/CMakeTmp

Run Build Command:/opt/local/bin/gmake "cmTryCompileExec4179911560/fast"
/opt/local/bin/gmake -f CMakeFiles/cmTryCompileExec4179911560.dir/build.make CMakeFiles/cmTryCompileExec4179911560.dir/build
gmake[1]: Entering directory `/Users/andreabortolossi/Desktop/CODICI/TUTORIAL_CODE/Quadrature1D/CMakeFiles/CMakeTmp'
/opt/local/bin/cmake -E cmake_progress_report /Users/andreabortolossi/Desktop/CODICI/TUTORIAL_CODE/Quadrature1D/CMakeFiles/CMakeTmp/CMakeFiles 1
Building C object CMakeFiles/cmTryCompileExec4179911560.dir/CMakeCCompilerABI.c.o
/usr/bin/cc    -o CMakeFiles/cmTryCompileExec4179911560.dir/CMakeCCompilerABI.c.o   -c /opt/local/share/cmake-2.8/Modules/CMakeCCompilerABI.c
Linking C executable cmTryCompileExec4179911560
/opt/local/bin/cmake -E cmake_link_script CMakeFiles/cmTryCompileExec4179911560.dir/link.txt --verbose=1
/usr/bin/cc    -Wl,-search_paths_first -Wl,-headerpad_max_install_names -v -Wl,-v CMakeFiles/cmTryCompileExec4179911560.dir/CMakeCCompilerABI.c.o  -o cmTryCompileExec4179911560   
Apple LLVM version 4.2 (clang-425.0.28) (based on LLVM 3.2svn)
Target: x86_64-apple-darwin12.5.0
Thread model: posix
 "/usr/bin/ld" -demangle -dynamic -arch x86_64 -macosx_version_min 10.8.0 -o cmTryCompileExec4179911560 -search_paths_first -headerpad_max_install_names -v CMakeFiles/cmTryCompileExec4179911560.dir/CMakeCCompilerABI.c.o -lSystem /usr/bin/../lib/clang/4.2/lib/darwin/libclang_rt.osx.a
@(#)PROGRAM:ld  PROJECT:ld64-136
configured to support archs: armv6 armv7 armv7s i386 x86_64
Library search paths:
	/usr/lib
	/usr/local/lib
Framework search paths:
	/Library/Frameworks/
	/System/Library/Frameworks/
gmake[1]: Leaving directory `/Users/andreabortolossi/Desktop/CODICI/TUTORIAL_CODE/Quadrature1D/CMakeFiles/CMakeTmp'


Parsed C implicit link information from above output:
  link line regex: [^( *|.*[/\])(ld|([^/\]+-)?ld|collect2)[^/\]*( |$)]
  ignore line: [Change Dir: /Users/andreabortolossi/Desktop/CODICI/TUTORIAL_CODE/Quadrature1D/CMakeFiles/CMakeTmp]
  ignore line: []
  ignore line: [Run Build Command:/opt/local/bin/gmake "cmTryCompileExec4179911560/fast"]
  ignore line: [/opt/local/bin/gmake -f CMakeFiles/cmTryCompileExec4179911560.dir/build.make CMakeFiles/cmTryCompileExec4179911560.dir/build]
  ignore line: [gmake[1]: Entering directory `/Users/andreabortolossi/Desktop/CODICI/TUTORIAL_CODE/Quadrature1D/CMakeFiles/CMakeTmp']
  ignore line: [/opt/local/bin/cmake -E cmake_progress_report /Users/andreabortolossi/Desktop/CODICI/TUTORIAL_CODE/Quadrature1D/CMakeFiles/CMakeTmp/CMakeFiles 1]
  ignore line: [Building C object CMakeFiles/cmTryCompileExec4179911560.dir/CMakeCCompilerABI.c.o]
  ignore line: [/usr/bin/cc    -o CMakeFiles/cmTryCompileExec4179911560.dir/CMakeCCompilerABI.c.o   -c /opt/local/share/cmake-2.8/Modules/CMakeCCompilerABI.c]
  ignore line: [Linking C executable cmTryCompileExec4179911560]
  ignore line: [/opt/local/bin/cmake -E cmake_link_script CMakeFiles/cmTryCompileExec4179911560.dir/link.txt --verbose=1]
  ignore line: [/usr/bin/cc    -Wl,-search_paths_first -Wl,-headerpad_max_install_names -v -Wl,-v CMakeFiles/cmTryCompileExec4179911560.dir/CMakeCCompilerABI.c.o  -o cmTryCompileExec4179911560   ]
  ignore line: [Apple LLVM version 4.2 (clang-425.0.28) (based on LLVM 3.2svn)]
  ignore line: [Target: x86_64-apple-darwin12.5.0]
  ignore line: [Thread model: posix]
  link line: [ "/usr/bin/ld" -demangle -dynamic -arch x86_64 -macosx_version_min 10.8.0 -o cmTryCompileExec4179911560 -search_paths_first -headerpad_max_install_names -v CMakeFiles/cmTryCompileExec4179911560.dir/CMakeCCompilerABI.c.o -lSystem /usr/bin/../lib/clang/4.2/lib/darwin/libclang_rt.osx.a]
    arg [/usr/bin/ld] ==> ignore
    arg [-demangle] ==> ignore
    arg [-dynamic] ==> ignore
    arg [-arch] ==> ignore
    arg [x86_64] ==> ignore
    arg [-macosx_version_min] ==> ignore
    arg [10.8.0] ==> ignore
    arg [-o] ==> ignore
    arg [cmTryCompileExec4179911560] ==> ignore
    arg [-search_paths_first] ==> ignore
    arg [-headerpad_max_install_names] ==> ignore
    arg [-v] ==> ignore
    arg [CMakeFiles/cmTryCompileExec4179911560.dir/CMakeCCompilerABI.c.o] ==> ignore
    arg [-lSystem] ==> lib [System]
    arg [/usr/bin/../lib/clang/4.2/lib/darwin/libclang_rt.osx.a] ==> lib [/usr/bin/../lib/clang/4.2/lib/darwin/libclang_rt.osx.a]
  Library search paths: [;/usr/lib;/usr/local/lib]
  Framework search paths: [;/Library/Frameworks/;/System/Library/Frameworks/]
  remove lib [System]
  collapse lib [/usr/bin/../lib/clang/4.2/lib/darwin/libclang_rt.osx.a] ==> [/usr/lib/clang/4.2/lib/darwin/libclang_rt.osx.a]
  collapse library dir [/usr/lib] ==> [/usr/lib]
  collapse library dir [/usr/local/lib] ==> [/usr/local/lib]
  collapse framework dir [/Library/Frameworks/] ==> [/Library/Frameworks]
  collapse framework dir [/System/Library/Frameworks/] ==> [/System/Library/Frameworks]
  implicit libs: [/usr/lib/clang/4.2/lib/darwin/libclang_rt.osx.a]
  implicit dirs: [/usr/lib;/usr/local/lib]
  implicit fwks: [/Library/Frameworks;/System/Library/Frameworks]


Determining if the CXX compiler works passed with the following output:
Change Dir: /Users/andreabortolossi/Desktop/CODICI/TUTORIAL_CODE/Quadrature1D/CMakeFiles/CMakeTmp

Run Build Command:/opt/local/bin/gmake "cmTryCompileExec2236846969/fast"
/opt/local/bin/gmake -f CMakeFiles/cmTryCompileExec2236846969.dir/build.make CMakeFiles/cmTryCompileExec2236846969.dir/build
gmake[1]: Entering directory `/Users/andreabortolossi/Desktop/CODICI/TUTORIAL_CODE/Quadrature1D/CMakeFiles/CMakeTmp'
/opt/local/bin/cmake -E cmake_progress_report /Users/andreabortolossi/Desktop/CODICI/TUTORIAL_CODE/Quadrature1D/CMakeFiles/CMakeTmp/CMakeFiles 1
Building CXX object CMakeFiles/cmTryCompileExec2236846969.dir/testCXXCompiler.cxx.o
/usr/bin/c++     -o CMakeFiles/cmTryCompileExec2236846969.dir/testCXXCompiler.cxx.o -c /Users/andreabortolossi/Desktop/CODICI/TUTORIAL_CODE/Quadrature1D/CMakeFiles/CMakeTmp/testCXXCompiler.cxx
Linking CXX executable cmTryCompileExec2236846969
/opt/local/bin/cmake -E cmake_link_script CMakeFiles/cmTryCompileExec2236846969.dir/link.txt --verbose=1
/usr/bin/c++     -Wl,-search_paths_first -Wl,-headerpad_max_install_names   CMakeFiles/cmTryCompileExec2236846969.dir/testCXXCompiler.cxx.o  -o cmTryCompileExec2236846969  
gmake[1]: Leaving directory `/Users/andreabortolossi/Desktop/CODICI/TUTORIAL_CODE/Quadrature1D/CMakeFiles/CMakeTmp'


Detecting CXX compiler ABI info compiled with the following output:
Change Dir: /Users/andreabortolossi/Desktop/CODICI/TUTORIAL_CODE/Quadrature1D/CMakeFiles/CMakeTmp

Run Build Command:/opt/local/bin/gmake "cmTryCompileExec616863596/fast"
/opt/local/bin/gmake -f CMakeFiles/cmTryCompileExec616863596.dir/build.make CMakeFiles/cmTryCompileExec616863596.dir/build
gmake[1]: Entering directory `/Users/andreabortolossi/Desktop/CODICI/TUTORIAL_CODE/Quadrature1D/CMakeFiles/CMakeTmp'
/opt/local/bin/cmake -E cmake_progress_report /Users/andreabortolossi/Desktop/CODICI/TUTORIAL_CODE/Quadrature1D/CMakeFiles/CMakeTmp/CMakeFiles 1
Building CXX object CMakeFiles/cmTryCompileExec616863596.dir/CMakeCXXCompilerABI.cpp.o
/usr/bin/c++     -o CMakeFiles/cmTryCompileExec616863596.dir/CMakeCXXCompilerABI.cpp.o -c /opt/local/share/cmake-2.8/Modules/CMakeCXXCompilerABI.cpp
Linking CXX executable cmTryCompileExec616863596
/opt/local/bin/cmake -E cmake_link_script CMakeFiles/cmTryCompileExec616863596.dir/link.txt --verbose=1
/usr/bin/c++     -Wl,-search_paths_first -Wl,-headerpad_max_install_names -v -Wl,-v CMakeFiles/cmTryCompileExec616863596.dir/CMakeCXXCompilerABI.cpp.o  -o cmTryCompileExec616863596   
Apple LLVM version 4.2 (clang-425.0.28) (based on LLVM 3.2svn)
Target: x86_64-apple-darwin12.5.0
Thread model: posix
 "/usr/bin/ld" -demangle -dynamic -arch x86_64 -macosx_version_min 10.8.0 -o cmTryCompileExec616863596 -search_paths_first -headerpad_max_install_names -v CMakeFiles/cmTryCompileExec616863596.dir/CMakeCXXCompilerABI.cpp.o -lstdc++ -lSystem /usr/bin/../lib/clang/4.2/lib/darwin/libclang_rt.osx.a
@(#)PROGRAM:ld  PROJECT:ld64-136
configured to support archs: armv6 armv7 armv7s i386 x86_64
Library search paths:
	/usr/lib
	/usr/local/lib
Framework search paths:
	/Library/Frameworks/
	/System/Library/Frameworks/
gmake[1]: Leaving directory `/Users/andreabortolossi/Desktop/CODICI/TUTORIAL_CODE/Quadrature1D/CMakeFiles/CMakeTmp'


Parsed CXX implicit link information from above output:
  link line regex: [^( *|.*[/\])(ld|([^/\]+-)?ld|collect2)[^/\]*( |$)]
  ignore line: [Change Dir: /Users/andreabortolossi/Desktop/CODICI/TUTORIAL_CODE/Quadrature1D/CMakeFiles/CMakeTmp]
  ignore line: []
  ignore line: [Run Build Command:/opt/local/bin/gmake "cmTryCompileExec616863596/fast"]
  ignore line: [/opt/local/bin/gmake -f CMakeFiles/cmTryCompileExec616863596.dir/build.make CMakeFiles/cmTryCompileExec616863596.dir/build]
  ignore line: [gmake[1]: Entering directory `/Users/andreabortolossi/Desktop/CODICI/TUTORIAL_CODE/Quadrature1D/CMakeFiles/CMakeTmp']
  ignore line: [/opt/local/bin/cmake -E cmake_progress_report /Users/andreabortolossi/Desktop/CODICI/TUTORIAL_CODE/Quadrature1D/CMakeFiles/CMakeTmp/CMakeFiles 1]
  ignore line: [Building CXX object CMakeFiles/cmTryCompileExec616863596.dir/CMakeCXXCompilerABI.cpp.o]
  ignore line: [/usr/bin/c++     -o CMakeFiles/cmTryCompileExec616863596.dir/CMakeCXXCompilerABI.cpp.o -c /opt/local/share/cmake-2.8/Modules/CMakeCXXCompilerABI.cpp]
  ignore line: [Linking CXX executable cmTryCompileExec616863596]
  ignore line: [/opt/local/bin/cmake -E cmake_link_script CMakeFiles/cmTryCompileExec616863596.dir/link.txt --verbose=1]
  ignore line: [/usr/bin/c++     -Wl,-search_paths_first -Wl,-headerpad_max_install_names -v -Wl,-v CMakeFiles/cmTryCompileExec616863596.dir/CMakeCXXCompilerABI.cpp.o  -o cmTryCompileExec616863596   ]
  ignore line: [Apple LLVM version 4.2 (clang-425.0.28) (based on LLVM 3.2svn)]
  ignore line: [Target: x86_64-apple-darwin12.5.0]
  ignore line: [Thread model: posix]
  link line: [ "/usr/bin/ld" -demangle -dynamic -arch x86_64 -macosx_version_min 10.8.0 -o cmTryCompileExec616863596 -search_paths_first -headerpad_max_install_names -v CMakeFiles/cmTryCompileExec616863596.dir/CMakeCXXCompilerABI.cpp.o -lstdc++ -lSystem /usr/bin/../lib/clang/4.2/lib/darwin/libclang_rt.osx.a]
    arg [/usr/bin/ld] ==> ignore
    arg [-demangle] ==> ignore
    arg [-dynamic] ==> ignore
    arg [-arch] ==> ignore
    arg [x86_64] ==> ignore
    arg [-macosx_version_min] ==> ignore
    arg [10.8.0] ==> ignore
    arg [-o] ==> ignore
    arg [cmTryCompileExec616863596] ==> ignore
    arg [-search_paths_first] ==> ignore
    arg [-headerpad_max_install_names] ==> ignore
    arg [-v] ==> ignore
    arg [CMakeFiles/cmTryCompileExec616863596.dir/CMakeCXXCompilerABI.cpp.o] ==> ignore
    arg [-lstdc++] ==> lib [stdc++]
    arg [-lSystem] ==> lib [System]
    arg [/usr/bin/../lib/clang/4.2/lib/darwin/libclang_rt.osx.a] ==> lib [/usr/bin/../lib/clang/4.2/lib/darwin/libclang_rt.osx.a]
  Library search paths: [;/usr/lib;/usr/local/lib]
  Framework search paths: [;/Library/Frameworks/;/System/Library/Frameworks/]
  remove lib [System]
  collapse lib [/usr/bin/../lib/clang/4.2/lib/darwin/libclang_rt.osx.a] ==> [/usr/lib/clang/4.2/lib/darwin/libclang_rt.osx.a]
  collapse library dir [/usr/lib] ==> [/usr/lib]
  collapse library dir [/usr/local/lib] ==> [/usr/local/lib]
  collapse framework dir [/Library/Frameworks/] ==> [/Library/Frameworks]
  collapse framework dir [/System/Library/Frameworks/] ==> [/System/Library/Frameworks]
  implicit libs: [stdc++;/usr/lib/clang/4.2/lib/darwin/libclang_rt.osx.a]
  implicit dirs: [/usr/lib;/usr/local/lib]
  implicit fwks: [/Library/Frameworks;/System/Library/Frameworks]


